[0807/173615.138:ERROR:process_memory_win.cc(73)] ReadMemory at 0x7ff682e90000 of 64 bytes failed: Only part of a ReadProcessMemory or WriteProcessMemory request was completed. (0x12B)
[0807/173615.139:WARNING:pe_image_reader.cc(340)] could not read dos header from C:\Program Files (x86)\Google\Chrome\Application\chrome.exe
[0807/173615.140:ERROR:process_memory_win.cc(73)] ReadMemory at 0x7ff800aa0000 of 64 bytes failed: Only part of a ReadProcessMemory or WriteProcessMemory request was completed. (0x12B)
[0807/173615.140:WARNING:pe_image_reader.cc(340)] could not read dos header from C:\Windows\SYSTEM32\ntdll.dll
[0807/173615.140:ERROR:process_memory_win.cc(73)] ReadMemory at 0x7ff800840000 of 64 bytes failed: Only part of a ReadProcessMemory or WriteProcessMemory request was completed. (0x12B)
[0807/173615.144:WARNING:pe_image_reader.cc(340)] could not read dos header from C:\Windows\System32\KERNEL32.DLL
[0807/173615.144:ERROR:process_memory_win.cc(73)] ReadMemory at 0x7ffffe690000 of 64 bytes failed: Only part of a ReadProcessMemory or WriteProcessMemory request was completed. (0x12B)
[0807/173615.144:WARNING:pe_image_reader.cc(340)] could not read dos header from C:\Windows\System32\KERNELBASE.dll
[0807/173615.144:ERROR:process_memory_win.cc(73)] ReadMemory at 0x7fffb03c0000 of 64 bytes failed: Only part of a ReadProcessMemory or WriteProcessMemory request was completed. (0x12B)
[0807/173615.144:WARNING:pe_image_reader.cc(340)] could not read dos header from C:\Program Files (x86)\Google\Chrome\Application\84.0.4147.105\chrome_elf.dll
[0807/173615.144:ERROR:process_memory_win.cc(73)] ReadMemory at 0x7fffeeb70000 of 64 bytes failed: Only part of a ReadProcessMemory or WriteProcessMemory request was completed. (0x12B)
[0807/173615.144:WARNING:pe_image_reader.cc(340)] could not read dos header from C:\Windows\SYSTEM32\VERSION.dll
[0807/173615.144:ERROR:process_memory_win.cc(73)] ReadMemory at 0x7fffff560000 of 64 bytes failed: Only part of a ReadProcessMemory or WriteProcessMemory request was completed. (0x12B)
[0807/173615.144:WARNING:pe_image_reader.cc(340)] could not read dos header from C:\Windows\System32\msvcrt.dll
[0807/173615.144:ERROR:process_memory_win.cc(73)] ReadMemory at 0x7ffffe360000 of 64 bytes failed: Only part of a ReadProcessMemory or WriteProcessMemory request was completed. (0x12B)
[0807/173615.144:WARNING:pe_image_reader.cc(340)] could not read dos header from C:\Windows\System32\bcryptPrimitives.dll
[0807/173615.144:ERROR:process_memory_win.cc(73)] ReadMemory at 0x7fffff8c0000 of 64 bytes failed: Only part of a ReadProcessMemory or WriteProcessMemory request was completed. (0x12B)
[0807/173615.144:WARNING:pe_image_reader.cc(340)] could not read dos header from C:\Windows\System32\ADVAPI32.dll
[0807/173615.144:ERROR:process_memory_win.cc(73)] ReadMemory at 0x7ff800060000 of 64 bytes failed: Only part of a ReadProcessMemory or WriteProcessMemory request was completed. (0x12B)
[0807/173615.144:WARNING:pe_image_reader.cc(340)] could not read dos header from C:\Windows\System32\sechost.dll
[0807/173615.145:ERROR:process_memory_win.cc(73)] ReadMemory at 0x7ff8003a0000 of 64 bytes failed: Only part of a ReadProcessMemory or WriteProcessMemory request was completed. (0x12B)
[0807/173615.145:WARNING:pe_image_reader.cc(340)] could not read dos header from C:\Windows\System32\RPCRT4.dll
[0807/173615.145:ERROR:process_memory_win.cc(73)] ReadMemory at 0x7fff9c4a0000 of 64 bytes failed: Only part of a ReadProcessMemory or WriteProcessMemory request was completed. (0x12B)
[0807/173615.145:WARNING:pe_image_reader.cc(340)] could not read dos header from C:\Program Files (x86)\Google\Chrome\Application\84.0.4147.105\chrome.dll
[0807/173615.145:ERROR:process_memory_win.cc(73)] ReadMemory at 0x7ff8009f0000 of 64 bytes failed: Only part of a ReadProcessMemory or WriteProcessMemory request was completed. (0x12B)
[0807/173615.145:WARNING:pe_image_reader.cc(340)] could not read dos header from C:\Windows\System32\WS2_32.dll
[0807/173615.145:ERROR:process_memory_win.cc(73)] ReadMemory at 0x7ff800120000 of 64 bytes failed: Only part of a ReadProcessMemory or WriteProcessMemory request was completed. (0x12B)
[0807/173615.145:WARNING:pe_image_reader.cc(340)] could not read dos header from C:\Windows\System32\OLEAUT32.dll
[0807/173615.145:ERROR:process_memory_win.cc(73)] ReadMemory at 0x7ffffea90000 of 64 bytes failed: Only part of a ReadProcessMemory or WriteProcessMemory request was completed. (0x12B)
[0807/173615.145:WARNING:pe_image_reader.cc(340)] could not read dos header from C:\Windows\System32\msvcp_win.dll
[0807/173615.145:ERROR:process_memory_win.cc(73)] ReadMemory at 0x7ffffe990000 of 64 bytes failed: Only part of a ReadProcessMemory or WriteProcessMemory request was completed. (0x12B)
[0807/173615.145:WARNING:pe_image_reader.cc(340)] could not read dos header from C:\Windows\System32\ucrtbase.dll
[0807/173615.145:ERROR:process_memory_win.cc(73)] ReadMemory at 0x7ffffeb30000 of 64 bytes failed: Only part of a ReadProcessMemory or WriteProcessMemory request was completed. (0x12B)
[0807/173615.145:WARNING:pe_image_reader.cc(340)] could not read dos header from C:\Windows\System32\combase.dll
[0807/173615.145:ERROR:process_memory_win.cc(73)] ReadMemory at 0x7ffffe410000 of 64 bytes failed: Only part of a ReadProcessMemory or WriteProcessMemory request was completed. (0x12B)
[0807/173615.145:WARNING:pe_image_reader.cc(340)] could not read dos header from C:\Windows\System32\WINTRUST.dll
[0807/173615.145:ERROR:process_memory_win.cc(73)] ReadMemory at 0x7ffffd9b0000 of 64 bytes failed: Only part of a ReadProcessMemory or WriteProcessMemory request was completed. (0x12B)
[0807/173615.145:WARNING:pe_image_reader.cc(340)] could not read dos header from C:\Windows\System32\MSASN1.dll
[0807/173615.146:ERROR:process_memory_win.cc(73)] ReadMemory at 0x7ffffe470000 of 64 bytes failed: Only part of a ReadProcessMemory or WriteProcessMemory request was completed. (0x12B)
[0807/173615.146:WARNING:pe_image_reader.cc(340)] could not read dos header from C:\Windows\System32\CRYPT32.dll
[0807/173615.146:ERROR:process_memory_win.cc(73)] ReadMemory at 0x7ffffcec0000 of 64 bytes failed: Only part of a ReadProcessMemory or WriteProcessMemory request was completed. (0x12B)
[0807/173615.146:WARNING:pe_image_reader.cc(340)] could not read dos header from C:\Windows\SYSTEM32\IPHLPAPI.DLL
[0807/173615.146:ERROR:process_memory_win.cc(73)] ReadMemory at 0x7ffff7e80000 of 64 bytes failed: Only part of a ReadProcessMemory or WriteProcessMemory request was completed. (0x12B)
[0807/173615.146:WARNING:pe_image_reader.cc(340)] could not read dos header from C:\Windows\SYSTEM32\WINMM.dll
[0807/173615.146:ERROR:process_memory_win.cc(73)] ReadMemory at 0x7fffe6090000 of 64 bytes failed: Only part of a ReadProcessMemory or WriteProcessMemory request was completed. (0x12B)
[0807/173615.146:WARNING:pe_image_reader.cc(340)] could not read dos header from C:\Windows\SYSTEM32\Secur32.dll
[0807/173615.146:ERROR:process_memory_win.cc(73)] ReadMemory at 0x7ffffd860000 of 64 bytes failed: Only part of a ReadProcessMemory or WriteProcessMemory request was completed. (0x12B)
[0807/173615.146:WARNING:pe_image_reader.cc(340)] could not read dos header from C:\Windows\SYSTEM32\USERENV.dll
[0807/173615.146:ERROR:process_memory_win.cc(73)] ReadMemory at 0x7ffffd9d0000 of 64 bytes failed: Only part of a ReadProcessMemory or WriteProcessMemory request was completed. (0x12B)
[0807/173615.146:WARNING:pe_image_reader.cc(340)] could not read dos header from C:\Windows\System32\profapi.dll
[0807/173615.146:ERROR:process_memory_win.cc(73)] ReadMemory at 0x7fffca180000 of 64 bytes failed: Only part of a ReadProcessMemory or WriteProcessMemory request was completed. (0x12B)
[0807/173615.146:WARNING:pe_image_reader.cc(340)] could not read dos header from C:\Windows\SYSTEM32\UIAutomationCore.DLL
[0807/173615.146:ERROR:process_memory_win.cc(73)] ReadMemory at 0x7fffeb5f0000 of 64 bytes failed: Only part of a ReadProcessMemory or WriteProcessMemory request was completed. (0x12B)
[0807/173615.147:WARNING:pe_image_reader.cc(340)] could not read dos header from C:\Windows\SYSTEM32\DWrite.dll
[0807/173615.147:ERROR:process_memory_win.cc(73)] ReadMemory at 0x7fffdea30000 of 64 bytes failed: Only part of a ReadProcessMemory or WriteProcessMemory request was completed. (0x12B)
[0807/173615.147:WARNING:pe_image_reader.cc(340)] could not read dos header from C:\Windows\SYSTEM32\WINSPOOL.DRV
[0807/173615.147:ERROR:process_memory_win.cc(73)] ReadMemory at 0x7ffffd990000 of 64 bytes failed: Only part of a ReadProcessMemory or WriteProcessMemory request was completed. (0x12B)
[0807/173615.147:WARNING:pe_image_reader.cc(340)] could not read dos header from C:\Windows\System32\kernel.appcore.dll
[0807/173615.147:ERROR:process_memory_win.cc(73)] ReadMemory at 0x7ffffe330000 of 64 bytes failed: Only part of a ReadProcessMemory or WriteProcessMemory request was completed. (0x12B)
[0807/173615.147:WARNING:pe_image_reader.cc(340)] could not read dos header from C:\Windows\System32\bcrypt.dll
[0807/173615.147:ERROR:process_memory_win.cc(73)] ReadMemory at 0x7ffffc1f0000 of 64 bytes failed: Only part of a ReadProcessMemory or WriteProcessMemory request was completed. (0x12B)
[0807/173615.147:WARNING:pe_image_reader.cc(340)] could not read dos header from C:\Windows\SYSTEM32\dbghelp.dll
[0807/173615.147:ERROR:process_memory_win.cc(73)] ReadMemory at 0x7ffff5860000 of 64 bytes failed: Only part of a ReadProcessMemory or WriteProcessMemory request was completed. (0x12B)
[0807/173615.147:WARNING:pe_image_reader.cc(340)] could not read dos header from C:\Windows\SYSTEM32\WINHTTP.dll
[0807/173615.147:ERROR:process_memory_win.cc(73)] ReadMemory at 0x7fffed7f0000 of 64 bytes failed: Only part of a ReadProcessMemory or WriteProcessMemory request was completed. (0x12B)
[0807/173615.147:WARNING:pe_image_reader.cc(340)] could not read dos header from C:\Windows\SYSTEM32\dhcpcsvc.DLL
[0807/173615.147:ERROR:process_memory_win.cc(73)] ReadMemory at 0x7ff800110000 of 64 bytes failed: Only part of a ReadProcessMemory or WriteProcessMemory request was completed. (0x12B)
[0807/173615.147:WARNING:pe_image_reader.cc(340)] could not read dos header from C:\Windows\System32\NSI.dll
[0807/173615.147:ERROR:process_memory_win.cc(73)] ReadMemory at 0x7ffff7e50000 of 64 bytes failed: Only part of a ReadProcessMemory or WriteProcessMemory request was completed. (0x12B)
[0807/173615.148:WARNING:pe_image_reader.cc(340)] could not read dos header from C:\Windows\SYSTEM32\WINMMBASE.dll
[0807/173615.148:ERROR:process_memory_win.cc(73)] ReadMemory at 0x7ffffe940000 of 64 bytes failed: Only part of a ReadProcessMemory or WriteProcessMemory request was completed. (0x12B)
[0807/173615.148:WARNING:pe_image_reader.cc(340)] could not read dos header from C:\Windows\System32\cfgmgr32.dll
[0807/173615.148:ERROR:process_memory_win.cc(73)] ReadMemory at 0x7ffffc420000 of 64 bytes failed: Only part of a ReadProcessMemory or WriteProcessMemory request was completed. (0x12B)
[0807/173615.148:WARNING:pe_image_reader.cc(340)] could not read dos header from C:\Windows\SYSTEM32\PROPSYS.dll
[0807/173615.149:ERROR:process_memory_win.cc(73)] ReadMemory at 0x7fffffde0000 of 64 bytes failed: Only part of a ReadProcessMemory or WriteProcessMemory request was completed. (0x12B)
[0807/173615.149:WARNING:pe_image_reader.cc(340)] could not read dos header from C:\Windows\System32\shcore.dll
[0807/173615.149:ERROR:process_memory_win.cc(73)] ReadMemory at 0x7ffffd830000 of 64 bytes failed: Only part of a ReadProcessMemory or WriteProcessMemory request was completed. (0x12B)
[0807/173615.149:WARNING:pe_image_reader.cc(340)] could not read dos header from C:\Windows\SYSTEM32\SSPICLI.DLL
[0807/173615.149:ERROR:process_memory_win.cc(73)] ReadMemory at 0x7ffffd380000 of 64 bytes failed: Only part of a ReadProcessMemory or WriteProcessMemory request was completed. (0x12B)
[0807/173615.149:WARNING:pe_image_reader.cc(340)] could not read dos header from C:\Windows\SYSTEM32\CRYPTBASE.DLL
[0807/173615.173:ERROR:process_memory_win.cc(73)] ReadMemory at 0x7ff682e90000 of 64 bytes failed: Only part of a ReadProcessMemory or WriteProcessMemory request was completed. (0x12B)
[0807/173615.173:WARNING:pe_image_reader.cc(340)] could not read dos header from C:\Program Files (x86)\Google\Chrome\Application\chrome.exe
[0807/173615.173:ERROR:process_memory_win.cc(73)] ReadMemory at 0x7ff800aa0000 of 64 bytes failed: Only part of a ReadProcessMemory or WriteProcessMemory request was completed. (0x12B)
[0807/173615.173:WARNING:pe_image_reader.cc(340)] could not read dos header from C:\Windows\SYSTEM32\ntdll.dll
[0807/173615.173:ERROR:process_memory_win.cc(73)] ReadMemory at 0x7ff800840000 of 64 bytes failed: Only part of a ReadProcessMemory or WriteProcessMemory request was completed. (0x12B)
[0807/173615.174:WARNING:pe_image_reader.cc(340)] could not read dos header from C:\Windows\System32\KERNEL32.DLL
[0807/173615.174:ERROR:process_memory_win.cc(73)] ReadMemory at 0x7ffffe690000 of 64 bytes failed: Only part of a ReadProcessMemory or WriteProcessMemory request was completed. (0x12B)
[0807/173615.174:WARNING:pe_image_reader.cc(340)] could not read dos header from C:\Windows\System32\KERNELBASE.dll
[0807/173615.174:ERROR:process_memory_win.cc(73)] ReadMemory at 0x7fffb03c0000 of 64 bytes failed: Only part of a ReadProcessMemory or WriteProcessMemory request was completed. (0x12B)
[0807/173615.174:WARNING:pe_image_reader.cc(340)] could not read dos header from C:\Program Files (x86)\Google\Chrome\Application\84.0.4147.105\chrome_elf.dll
[0807/173615.175:ERROR:process_memory_win.cc(73)] ReadMemory at 0x7fffeeb70000 of 64 bytes failed: Only part of a ReadProcessMemory or WriteProcessMemory request was completed. (0x12B)
[0807/173615.175:WARNING:pe_image_reader.cc(340)] could not read dos header from C:\Windows\SYSTEM32\VERSION.dll
[0807/173615.175:ERROR:process_memory_win.cc(73)] ReadMemory at 0x7fffff560000 of 64 bytes failed: Only part of a ReadProcessMemory or WriteProcessMemory request was completed. (0x12B)
[0807/173615.175:WARNING:pe_image_reader.cc(340)] could not read dos header from C:\Windows\System32\msvcrt.dll
[0807/173615.175:ERROR:process_memory_win.cc(73)] ReadMemory at 0x7ffffe360000 of 64 bytes failed: Only part of a ReadProcessMemory or WriteProcessMemory request was completed. (0x12B)
[0807/173615.175:WARNING:pe_image_reader.cc(340)] could not read dos header from C:\Windows\System32\bcryptPrimitives.dll
[0807/173615.175:ERROR:process_memory_win.cc(73)] ReadMemory at 0x7fffff8c0000 of 64 bytes failed: Only part of a ReadProcessMemory or WriteProcessMemory request was completed. (0x12B)
[0807/173615.175:WARNING:pe_image_reader.cc(340)] could not read dos header from C:\Windows\System32\ADVAPI32.dll
[0807/173615.175:ERROR:process_memory_win.cc(73)] ReadMemory at 0x7ff800060000 of 64 bytes failed: Only part of a ReadProcessMemory or WriteProcessMemory request was completed. (0x12B)
[0807/173615.175:WARNING:pe_image_reader.cc(340)] could not read dos header from C:\Windows\System32\sechost.dll
[0807/173615.175:ERROR:process_memory_win.cc(73)] ReadMemory at 0x7ff8003a0000 of 64 bytes failed: Only part of a ReadProcessMemory or WriteProcessMemory request was completed. (0x12B)
[0807/173615.175:WARNING:pe_image_reader.cc(340)] could not read dos header from C:\Windows\System32\RPCRT4.dll
[0807/173615.175:ERROR:process_memory_win.cc(73)] ReadMemory at 0x7fff9c4a0000 of 64 bytes failed: Only part of a ReadProcessMemory or WriteProcessMemory request was completed. (0x12B)
[0807/173615.175:WARNING:pe_image_reader.cc(340)] could not read dos header from C:\Program Files (x86)\Google\Chrome\Application\84.0.4147.105\chrome.dll
[0807/173615.175:ERROR:process_memory_win.cc(73)] ReadMemory at 0x7ff8009f0000 of 64 bytes failed: Only part of a ReadProcessMemory or WriteProcessMemory request was completed. (0x12B)
[0807/173615.175:WARNING:pe_image_reader.cc(340)] could not read dos header from C:\Windows\System32\WS2_32.dll
[0807/173615.175:ERROR:process_memory_win.cc(73)] ReadMemory at 0x7ff800120000 of 64 bytes failed: Only part of a ReadProcessMemory or WriteProcessMemory request was completed. (0x12B)
[0807/173615.175:WARNING:pe_image_reader.cc(340)] could not read dos header from C:\Windows\System32\OLEAUT32.dll
[0807/173615.176:ERROR:process_memory_win.cc(73)] ReadMemory at 0x7ffffea90000 of 64 bytes failed: Only part of a ReadProcessMemory or WriteProcessMemory request was completed. (0x12B)
[0807/173615.176:WARNING:pe_image_reader.cc(340)] could not read dos header from C:\Windows\System32\msvcp_win.dll
[0807/173615.176:ERROR:process_memory_win.cc(73)] ReadMemory at 0x7ffffe990000 of 64 bytes failed: Only part of a ReadProcessMemory or WriteProcessMemory request was completed. (0x12B)
[0807/173615.176:WARNING:pe_image_reader.cc(340)] could not read dos header from C:\Windows\System32\ucrtbase.dll
[0807/173615.176:ERROR:process_memory_win.cc(73)] ReadMemory at 0x7ffffeb30000 of 64 bytes failed: Only part of a ReadProcessMemory or WriteProcessMemory request was completed. (0x12B)
[0807/173615.176:WARNING:pe_image_reader.cc(340)] could not read dos header from C:\Windows\System32\combase.dll
[0807/173615.176:ERROR:process_memory_win.cc(73)] ReadMemory at 0x7ffffe410000 of 64 bytes failed: Only part of a ReadProcessMemory or WriteProcessMemory request was completed. (0x12B)
[0807/173615.176:WARNING:pe_image_reader.cc(340)] could not read dos header from C:\Windows\System32\WINTRUST.dll
[0807/173615.176:ERROR:process_memory_win.cc(73)] ReadMemory at 0x7ffffd9b0000 of 64 bytes failed: Only part of a ReadProcessMemory or WriteProcessMemory request was completed. (0x12B)
[0807/173615.176:WARNING:pe_image_reader.cc(340)] could not read dos header from C:\Windows\System32\MSASN1.dll
[0807/173615.176:ERROR:process_memory_win.cc(73)] ReadMemory at 0x7ffffe470000 of 64 bytes failed: Only part of a ReadProcessMemory or WriteProcessMemory request was completed. (0x12B)
[0807/173615.176:WARNING:pe_image_reader.cc(340)] could not read dos header from C:\Windows\System32\CRYPT32.dll
[0807/173615.176:ERROR:process_memory_win.cc(73)] ReadMemory at 0x7ffffcec0000 of 64 bytes failed: Only part of a ReadProcessMemory or WriteProcessMemory request was completed. (0x12B)
[0807/173615.176:WARNING:pe_image_reader.cc(340)] could not read dos header from C:\Windows\SYSTEM32\IPHLPAPI.DLL
[0807/173615.176:ERROR:process_memory_win.cc(73)] ReadMemory at 0x7ffff7e80000 of 64 bytes failed: Only part of a ReadProcessMemory or WriteProcessMemory request was completed. (0x12B)
[0807/173615.176:WARNING:pe_image_reader.cc(340)] could not read dos header from C:\Windows\SYSTEM32\WINMM.dll
[0807/173615.176:ERROR:process_memory_win.cc(73)] ReadMemory at 0x7fffe6090000 of 64 bytes failed: Only part of a ReadProcessMemory or WriteProcessMemory request was completed. (0x12B)
[0807/173615.176:WARNING:pe_image_reader.cc(340)] could not read dos header from C:\Windows\SYSTEM32\Secur32.dll
[0807/173615.177:ERROR:process_memory_win.cc(73)] ReadMemory at 0x7ffffd860000 of 64 bytes failed: Only part of a ReadProcessMemory or WriteProcessMemory request was completed. (0x12B)
[0807/173615.177:WARNING:pe_image_reader.cc(340)] could not read dos header from C:\Windows\SYSTEM32\USERENV.dll
[0807/173615.177:ERROR:process_memory_win.cc(73)] ReadMemory at 0x7ffffd9d0000 of 64 bytes failed: Only part of a ReadProcessMemory or WriteProcessMemory request was completed. (0x12B)
[0807/173615.177:WARNING:pe_image_reader.cc(340)] could not read dos header from C:\Windows\System32\profapi.dll
[0807/173615.177:ERROR:process_memory_win.cc(73)] ReadMemory at 0x7fffca180000 of 64 bytes failed: Only part of a ReadProcessMemory or WriteProcessMemory request was completed. (0x12B)
[0807/173615.177:WARNING:pe_image_reader.cc(340)] could not read dos header from C:\Windows\SYSTEM32\UIAutomationCore.DLL
[0807/173615.177:ERROR:process_memory_win.cc(73)] ReadMemory at 0x7fffeb5f0000 of 64 bytes failed: Only part of a ReadProcessMemory or WriteProcessMemory request was completed. (0x12B)
[0807/173615.177:WARNING:pe_image_reader.cc(340)] could not read dos header from C:\Windows\SYSTEM32\DWrite.dll
[0807/173615.177:ERROR:process_memory_win.cc(73)] ReadMemory at 0x7fffdea30000 of 64 bytes failed: Only part of a ReadProcessMemory or WriteProcessMemory request was completed. (0x12B)
[0807/173615.177:WARNING:pe_image_reader.cc(340)] could not read dos header from C:\Windows\SYSTEM32\WINSPOOL.DRV
[0807/173615.177:ERROR:process_memory_win.cc(73)] ReadMemory at 0x7ffffd990000 of 64 bytes failed: Only part of a ReadProcessMemory or WriteProcessMemory request was completed. (0x12B)
[0807/173615.178:WARNING:pe_image_reader.cc(340)] could not read dos header from C:\Windows\System32\kernel.appcore.dll
[0807/173615.178:ERROR:process_memory_win.cc(73)] ReadMemory at 0x7ffffe330000 of 64 bytes failed: Only part of a ReadProcessMemory or WriteProcessMemory request was completed. (0x12B)
[0807/173615.178:WARNING:pe_image_reader.cc(340)] could not read dos header from C:\Windows\System32\bcrypt.dll
[0807/173615.178:ERROR:process_memory_win.cc(73)] ReadMemory at 0x7ffffc1f0000 of 64 bytes failed: Only part of a ReadProcessMemory or WriteProcessMemory request was completed. (0x12B)
[0807/173615.178:WARNING:pe_image_reader.cc(340)] could not read dos header from C:\Windows\SYSTEM32\dbghelp.dll
[0807/173615.178:ERROR:process_memory_win.cc(73)] ReadMemory at 0x7ffff5860000 of 64 bytes failed: Only part of a ReadProcessMemory or WriteProcessMemory request was completed. (0x12B)
[0807/173615.178:WARNING:pe_image_reader.cc(340)] could not read dos header from C:\Windows\SYSTEM32\WINHTTP.dll
[0807/173615.178:ERROR:process_memory_win.cc(73)] ReadMemory at 0x7fffed7f0000 of 64 bytes failed: Only part of a ReadProcessMemory or WriteProcessMemory request was completed. (0x12B)
[0807/173615.178:WARNING:pe_image_reader.cc(340)] could not read dos header from C:\Windows\SYSTEM32\dhcpcsvc.DLL
[0807/173615.178:ERROR:process_memory_win.cc(73)] ReadMemory at 0x7ff800110000 of 64 bytes failed: Only part of a ReadProcessMemory or WriteProcessMemory request was completed. (0x12B)
[0807/173615.178:WARNING:pe_image_reader.cc(340)] could not read dos header from C:\Windows\System32\NSI.dll
[0807/173615.178:ERROR:process_memory_win.cc(73)] ReadMemory at 0x7ffff7e50000 of 64 bytes failed: Only part of a ReadProcessMemory or WriteProcessMemory request was completed. (0x12B)
[0807/173615.178:WARNING:pe_image_reader.cc(340)] could not read dos header from C:\Windows\SYSTEM32\WINMMBASE.dll
[0807/173615.178:ERROR:process_memory_win.cc(73)] ReadMemory at 0x7ffffe940000 of 64 bytes failed: Only part of a ReadProcessMemory or WriteProcessMemory request was completed. (0x12B)
[0807/173615.178:WARNING:pe_image_reader.cc(340)] could not read dos header from C:\Windows\System32\cfgmgr32.dll
[0807/173615.178:ERROR:process_memory_win.cc(73)] ReadMemory at 0x7ffffc420000 of 64 bytes failed: Only part of a ReadProcessMemory or WriteProcessMemory request was completed. (0x12B)
[0807/173615.178:WARNING:pe_image_reader.cc(340)] could not read dos header from C:\Windows\SYSTEM32\PROPSYS.dll
[0807/173615.178:ERROR:process_memory_win.cc(73)] ReadMemory at 0x7fffffde0000 of 64 bytes failed: Only part of a ReadProcessMemory or WriteProcessMemory request was completed. (0x12B)
[0807/173615.179:WARNING:pe_image_reader.cc(340)] could not read dos header from C:\Windows\System32\shcore.dll
[0807/173615.179:ERROR:process_memory_win.cc(73)] ReadMemory at 0x7ffffd830000 of 64 bytes failed: Only part of a ReadProcessMemory or WriteProcessMemory request was completed. (0x12B)
[0807/173615.179:WARNING:pe_image_reader.cc(340)] could not read dos header from C:\Windows\SYSTEM32\SSPICLI.DLL
[0807/173615.180:ERROR:process_memory_win.cc(73)] ReadMemory at 0x7ffffd380000 of 64 bytes failed: Only part of a ReadProcessMemory or WriteProcessMemory request was completed. (0x12B)
[0807/173615.180:WARNING:pe_image_reader.cc(340)] could not read dos header from C:\Windows\SYSTEM32\CRYPTBASE.DLL
[0807/173615.180:ERROR:process_memory_win.cc(73)] ReadMemory at 0x7ff682e90000 of 64 bytes failed: Only part of a ReadProcessMemory or WriteProcessMemory request was completed. (0x12B)
[0807/173615.180:WARNING:pe_image_reader.cc(340)] could not read dos header from C:\Program Files (x86)\Google\Chrome\Application\chrome.exe
[0807/173615.180:ERROR:process_memory_win.cc(73)] ReadMemory at 0x7ff800aa0000 of 64 bytes failed: Only part of a ReadProcessMemory or WriteProcessMemory request was completed. (0x12B)
[0807/173615.180:WARNING:pe_image_reader.cc(340)] could not read dos header from C:\Windows\SYSTEM32\ntdll.dll
[0807/173615.180:ERROR:process_memory_win.cc(73)] ReadMemory at 0x7ff800840000 of 64 bytes failed: Only part of a ReadProcessMemory or WriteProcessMemory request was completed. (0x12B)
[0807/173615.180:WARNING:pe_image_reader.cc(340)] could not read dos header from C:\Windows\System32\KERNEL32.DLL
[0807/173615.180:ERROR:process_memory_win.cc(73)] ReadMemory at 0x7ffffe690000 of 64 bytes failed: Only part of a ReadProcessMemory or WriteProcessMemory request was completed. (0x12B)
[0807/173615.180:WARNING:pe_image_reader.cc(340)] could not read dos header from C:\Windows\System32\KERNELBASE.dll
[0807/173615.180:ERROR:process_memory_win.cc(73)] ReadMemory at 0x7fffb03c0000 of 64 bytes failed: Only part of a ReadProcessMemory or WriteProcessMemory request was completed. (0x12B)
[0807/173615.180:WARNING:pe_image_reader.cc(340)] could not read dos header from C:\Program Files (x86)\Google\Chrome\Application\84.0.4147.105\chrome_elf.dll
[0807/173615.180:ERROR:process_memory_win.cc(73)] ReadMemory at 0x7fffeeb70000 of 64 bytes failed: Only part of a ReadProcessMemory or WriteProcessMemory request was completed. (0x12B)
[0807/173615.180:WARNING:pe_image_reader.cc(340)] could not read dos header from C:\Windows\SYSTEM32\VERSION.dll
[0807/173615.180:ERROR:process_memory_win.cc(73)] ReadMemory at 0x7fffff560000 of 64 bytes failed: Only part of a ReadProcessMemory or WriteProcessMemory request was completed. (0x12B)
[0807/173615.180:WARNING:pe_image_reader.cc(340)] could not read dos header from C:\Windows\System32\msvcrt.dll
[0807/173615.180:ERROR:process_memory_win.cc(73)] ReadMemory at 0x7ffffe360000 of 64 bytes failed: Only part of a ReadProcessMemory or WriteProcessMemory request was completed. (0x12B)
[0807/173615.180:WARNING:pe_image_reader.cc(340)] could not read dos header from C:\Windows\System32\bcryptPrimitives.dll
[0807/173615.180:ERROR:process_memory_win.cc(73)] ReadMemory at 0x7fffff8c0000 of 64 bytes failed: Only part of a ReadProcessMemory or WriteProcessMemory request was completed. (0x12B)
[0807/173615.180:WARNING:pe_image_reader.cc(340)] could not read dos header from C:\Windows\System32\ADVAPI32.dll
[0807/173615.180:ERROR:process_memory_win.cc(73)] ReadMemory at 0x7ff800060000 of 64 bytes failed: Only part of a ReadProcessMemory or WriteProcessMemory request was completed. (0x12B)
[0807/173615.180:WARNING:pe_image_reader.cc(340)] could not read dos header from C:\Windows\System32\sechost.dll
[0807/173615.180:ERROR:process_memory_win.cc(73)] ReadMemory at 0x7ff8003a0000 of 64 bytes failed: Only part of a ReadProcessMemory or WriteProcessMemory request was completed. (0x12B)
[0807/173615.180:WARNING:pe_image_reader.cc(340)] could not read dos header from C:\Windows\System32\RPCRT4.dll
[0807/173615.180:ERROR:process_memory_win.cc(73)] ReadMemory at 0x7fff9c4a0000 of 64 bytes failed: Only part of a ReadProcessMemory or WriteProcessMemory request was completed. (0x12B)
[0807/173615.180:WARNING:pe_image_reader.cc(340)] could not read dos header from C:\Program Files (x86)\Google\Chrome\Application\84.0.4147.105\chrome.dll
[0807/173615.180:ERROR:process_memory_win.cc(73)] ReadMemory at 0x7ff8009f0000 of 64 bytes failed: Only part of a ReadProcessMemory or WriteProcessMemory request was completed. (0x12B)
[0807/173615.180:WARNING:pe_image_reader.cc(340)] could not read dos header from C:\Windows\System32\WS2_32.dll
[0807/173615.180:ERROR:process_memory_win.cc(73)] ReadMemory at 0x7ff800120000 of 64 bytes failed: Only part of a ReadProcessMemory or WriteProcessMemory request was completed. (0x12B)
[0807/173615.180:WARNING:pe_image_reader.cc(340)] could not read dos header from C:\Windows\System32\OLEAUT32.dll
[0807/173615.180:ERROR:process_memory_win.cc(73)] ReadMemory at 0x7ffffea90000 of 64 bytes failed: Only part of a ReadProcessMemory or WriteProcessMemory request was completed. (0x12B)
[0807/173615.180:WARNING:pe_image_reader.cc(340)] could not read dos header from C:\Windows\System32\msvcp_win.dll
[0807/173615.180:ERROR:process_memory_win.cc(73)] ReadMemory at 0x7ffffe990000 of 64 bytes failed: Only part of a ReadProcessMemory or WriteProcessMemory request was completed. (0x12B)
[0807/173615.180:WARNING:pe_image_reader.cc(340)] could not read dos header from C:\Windows\System32\ucrtbase.dll
[0807/173615.180:ERROR:process_memory_win.cc(73)] ReadMemory at 0x7ffffeb30000 of 64 bytes failed: Only part of a ReadProcessMemory or WriteProcessMemory request was completed. (0x12B)
[0807/173615.180:WARNING:pe_image_reader.cc(340)] could not read dos header from C:\Windows\System32\combase.dll
[0807/173615.180:ERROR:process_memory_win.cc(73)] ReadMemory at 0x7ffffe410000 of 64 bytes failed: Only part of a ReadProcessMemory or WriteProcessMemory request was completed. (0x12B)
[0807/173615.180:WARNING:pe_image_reader.cc(340)] could not read dos header from C:\Windows\System32\WINTRUST.dll
[0807/173615.180:ERROR:process_memory_win.cc(73)] ReadMemory at 0x7ffffd9b0000 of 64 bytes failed: Only part of a ReadProcessMemory or WriteProcessMemory request was completed. (0x12B)
[0807/173615.180:WARNING:pe_image_reader.cc(340)] could not read dos header from C:\Windows\System32\MSASN1.dll
[0807/173615.180:ERROR:process_memory_win.cc(73)] ReadMemory at 0x7ffffe470000 of 64 bytes failed: Only part of a ReadProcessMemory or WriteProcessMemory request was completed. (0x12B)
[0807/173615.181:WARNING:pe_image_reader.cc(340)] could not read dos header from C:\Windows\System32\CRYPT32.dll
[0807/173615.181:ERROR:process_memory_win.cc(73)] ReadMemory at 0x7ffffcec0000 of 64 bytes failed: Only part of a ReadProcessMemory or WriteProcessMemory request was completed. (0x12B)
[0807/173615.181:WARNING:pe_image_reader.cc(340)] could not read dos header from C:\Windows\SYSTEM32\IPHLPAPI.DLL
[0807/173615.181:ERROR:process_memory_win.cc(73)] ReadMemory at 0x7ffff7e80000 of 64 bytes failed: Only part of a ReadProcessMemory or WriteProcessMemory request was completed. (0x12B)
[0807/173615.181:WARNING:pe_image_reader.cc(340)] could not read dos header from C:\Windows\SYSTEM32\WINMM.dll
[0807/173615.181:ERROR:process_memory_win.cc(73)] ReadMemory at 0x7fffe6090000 of 64 bytes failed: Only part of a ReadProcessMemory or WriteProcessMemory request was completed. (0x12B)
[0807/173615.181:WARNING:pe_image_reader.cc(340)] could not read dos header from C:\Windows\SYSTEM32\Secur32.dll
[0807/173615.181:ERROR:process_memory_win.cc(73)] ReadMemory at 0x7ffffd860000 of 64 bytes failed: Only part of a ReadProcessMemory or WriteProcessMemory request was completed. (0x12B)
[0807/173615.181:WARNING:pe_image_reader.cc(340)] could not read dos header from C:\Windows\SYSTEM32\USERENV.dll
[0807/173615.182:ERROR:process_memory_win.cc(73)] ReadMemory at 0x7ffffd9d0000 of 64 bytes failed: Only part of a ReadProcessMemory or WriteProcessMemory request was completed. (0x12B)
[0807/173615.182:WARNING:pe_image_reader.cc(340)] could not read dos header from C:\Windows\System32\profapi.dll
[0807/173615.182:ERROR:process_memory_win.cc(73)] ReadMemory at 0x7fffca180000 of 64 bytes failed: Only part of a ReadProcessMemory or WriteProcessMemory request was completed. (0x12B)
[0807/173615.182:WARNING:pe_image_reader.cc(340)] could not read dos header from C:\Windows\SYSTEM32\UIAutomationCore.DLL
[0807/173615.182:ERROR:process_memory_win.cc(73)] ReadMemory at 0x7fffeb5f0000 of 64 bytes failed: Only part of a ReadProcessMemory or WriteProcessMemory request was completed. (0x12B)
[0807/173615.182:WARNING:pe_image_reader.cc(340)] could not read dos header from C:\Windows\SYSTEM32\DWrite.dll
[0807/173615.182:ERROR:process_memory_win.cc(73)] ReadMemory at 0x7fffdea30000 of 64 bytes failed: Only part of a ReadProcessMemory or WriteProcessMemory request was completed. (0x12B)
[0807/173615.182:WARNING:pe_image_reader.cc(340)] could not read dos header from C:\Windows\SYSTEM32\WINSPOOL.DRV
[0807/173615.182:ERROR:process_memory_win.cc(73)] ReadMemory at 0x7ffffd990000 of 64 bytes failed: Only part of a ReadProcessMemory or WriteProcessMemory request was completed. (0x12B)
[0807/173615.182:WARNING:pe_image_reader.cc(340)] could not read dos header from C:\Windows\System32\kernel.appcore.dll
[0807/173615.182:ERROR:process_memory_win.cc(73)] ReadMemory at 0x7ffffe330000 of 64 bytes failed: Only part of a ReadProcessMemory or WriteProcessMemory request was completed. (0x12B)
[0807/173615.182:WARNING:pe_image_reader.cc(340)] could not read dos header from C:\Windows\System32\bcrypt.dll
[0807/173615.182:ERROR:process_memory_win.cc(73)] ReadMemory at 0x7ffffc1f0000 of 64 bytes failed: Only part of a ReadProcessMemory or WriteProcessMemory request was completed. (0x12B)
[0807/173615.182:WARNING:pe_image_reader.cc(340)] could not read dos header from C:\Windows\SYSTEM32\dbghelp.dll
[0807/173615.182:ERROR:process_memory_win.cc(73)] ReadMemory at 0x7ffff5860000 of 64 bytes failed: Only part of a ReadProcessMemory or WriteProcessMemory request was completed. (0x12B)
[0807/173615.182:WARNING:pe_image_reader.cc(340)] could not read dos header from C:\Windows\SYSTEM32\WINHTTP.dll
[0807/173615.182:ERROR:process_memory_win.cc(73)] ReadMemory at 0x7fffed7f0000 of 64 bytes failed: Only part of a ReadProcessMemory or WriteProcessMemory request was completed. (0x12B)
[0807/173615.182:WARNING:pe_image_reader.cc(340)] could not read dos header from C:\Windows\SYSTEM32\dhcpcsvc.DLL
[0807/173615.182:ERROR:process_memory_win.cc(73)] ReadMemory at 0x7ff800110000 of 64 bytes failed: Only part of a ReadProcessMemory or WriteProcessMemory request was completed. (0x12B)
[0807/173615.182:WARNING:pe_image_reader.cc(340)] could not read dos header from C:\Windows\System32\NSI.dll
[0807/173615.182:ERROR:process_memory_win.cc(73)] ReadMemory at 0x7ffff7e50000 of 64 bytes failed: Only part of a ReadProcessMemory or WriteProcessMemory request was completed. (0x12B)
[0807/173615.182:WARNING:pe_image_reader.cc(340)] could not read dos header from C:\Windows\SYSTEM32\WINMMBASE.dll
[0807/173615.182:ERROR:process_memory_win.cc(73)] ReadMemory at 0x7ffffe940000 of 64 bytes failed: Only part of a ReadProcessMemory or WriteProcessMemory request was completed. (0x12B)
[0807/173615.182:WARNING:pe_image_reader.cc(340)] could not read dos header from C:\Windows\System32\cfgmgr32.dll
[0807/173615.182:ERROR:process_memory_win.cc(73)] ReadMemory at 0x7ffffc420000 of 64 bytes failed: Only part of a ReadProcessMemory or WriteProcessMemory request was completed. (0x12B)
[0807/173615.182:WARNING:pe_image_reader.cc(340)] could not read dos header from C:\Windows\SYSTEM32\PROPSYS.dll
[0807/173615.182:ERROR:process_memory_win.cc(73)] ReadMemory at 0x7fffffde0000 of 64 bytes failed: Only part of a ReadProcessMemory or WriteProcessMemory request was completed. (0x12B)
[0807/173615.182:WARNING:pe_image_reader.cc(340)] could not read dos header from C:\Windows\System32\shcore.dll
[0807/173615.182:ERROR:process_memory_win.cc(73)] ReadMemory at 0x7ffffd830000 of 64 bytes failed: Only part of a ReadProcessMemory or WriteProcessMemory request was completed. (0x12B)
[0807/173615.182:WARNING:pe_image_reader.cc(340)] could not read dos header from C:\Windows\SYSTEM32\SSPICLI.DLL
[0807/173615.182:ERROR:process_memory_win.cc(73)] ReadMemory at 0x7ffffd380000 of 64 bytes failed: Only part of a ReadProcessMemory or WriteProcessMemory request was completed. (0x12B)
[0807/173615.182:WARNING:pe_image_reader.cc(340)] could not read dos header from C:\Windows\SYSTEM32\CRYPTBASE.DLL
[0807/173615.194:ERROR:process_memory_win.cc(73)] ReadMemory at 0xdcc49f9000 of 28672 bytes failed: Only part of a ReadProcessMemory or WriteProcessMemory request was completed. (0x12B)
[0807/173615.194:ERROR:process_memory_win.cc(73)] ReadMemory at 0xdcc51fd000 of 12288 bytes failed: Only part of a ReadProcessMemory or WriteProcessMemory request was completed. (0x12B)
[0807/173615.194:ERROR:process_memory_win.cc(73)] ReadMemory at 0xdcc59fd000 of 12288 bytes failed: Only part of a ReadProcessMemory or WriteProcessMemory request was completed. (0x12B)
[0807/173615.194:ERROR:process_memory_win.cc(73)] ReadMemory at 0xdcc61fc000 of 16384 bytes failed: Only part of a ReadProcessMemory or WriteProcessMemory request was completed. (0x12B)
[0807/173615.194:ERROR:process_memory_win.cc(73)] ReadMemory at 0xdcc69fc000 of 16384 bytes failed: Only part of a ReadProcessMemory or WriteProcessMemory request was completed. (0x12B)
[0807/173615.194:ERROR:process_memory_win.cc(73)] ReadMemory at 0xdcc71fe000 of 8192 bytes failed: Only part of a ReadProcessMemory or WriteProcessMemory request was completed. (0x12B)
[0807/173615.195:ERROR:process_memory_win.cc(73)] ReadMemory at 0xdcc79fd000 of 12288 bytes failed: Only part of a ReadProcessMemory or WriteProcessMemory request was completed. (0x12B)
[0807/173615.195:ERROR:process_memory_win.cc(73)] ReadMemory at 0xdcc81fd000 of 12288 bytes failed: Only part of a ReadProcessMemory or WriteProcessMemory request was completed. (0x12B)
[0807/173615.195:ERROR:process_memory_win.cc(73)] ReadMemory at 0xdcc89fd000 of 12288 bytes failed: Only part of a ReadProcessMemory or WriteProcessMemory request was completed. (0x12B)
[0807/173615.195:ERROR:process_memory_win.cc(73)] ReadMemory at 0xdcc91fd000 of 12288 bytes failed: Only part of a ReadProcessMemory or WriteProcessMemory request was completed. (0x12B)
[0807/173615.195:ERROR:process_memory_win.cc(73)] ReadMemory at 0xdcc99fd000 of 12288 bytes failed: Only part of a ReadProcessMemory or WriteProcessMemory request was completed. (0x12B)
[0807/173615.195:ERROR:process_memory_win.cc(73)] ReadMemory at 0xdcca1fd000 of 12288 bytes failed: Only part of a ReadProcessMemory or WriteProcessMemory request was completed. (0x12B)
[0807/173615.195:ERROR:process_memory_win.cc(73)] ReadMemory at 0xdcca9fd000 of 12288 bytes failed: Only part of a ReadProcessMemory or WriteProcessMemory request was completed. (0x12B)
[0807/173615.195:ERROR:process_memory_win.cc(73)] ReadMemory at 0xdcc40e8000 of 852 bytes failed: Only part of a ReadProcessMemory or WriteProcessMemory request was completed. (0x12B)
[0807/173615.195:ERROR:process_memory_win.cc(73)] ReadMemory at 0xdcc40e9000 of 6024 bytes failed: Only part of a ReadProcessMemory or WriteProcessMemory request was completed. (0x12B)
[0807/173615.195:ERROR:process_memory_win.cc(73)] ReadMemory at 0xdcc40eb000 of 6024 bytes failed: Only part of a ReadProcessMemory or WriteProcessMemory request was completed. (0x12B)
[0807/173615.196:ERROR:process_memory_win.cc(73)] ReadMemory at 0xdcc40ed000 of 6024 bytes failed: Only part of a ReadProcessMemory or WriteProcessMemory request was completed. (0x12B)
[0807/173615.196:ERROR:process_memory_win.cc(73)] ReadMemory at 0xdcc40ef000 of 6024 bytes failed: Only part of a ReadProcessMemory or WriteProcessMemory request was completed. (0x12B)
[0807/173615.196:ERROR:process_memory_win.cc(73)] ReadMemory at 0xdcc40f1000 of 6024 bytes failed: Only part of a ReadProcessMemory or WriteProcessMemory request was completed. (0x12B)
[0807/173615.196:ERROR:process_memory_win.cc(73)] ReadMemory at 0xdcc40f3000 of 6024 bytes failed: Only part of a ReadProcessMemory or WriteProcessMemory request was completed. (0x12B)
[0807/173615.196:ERROR:process_memory_win.cc(73)] ReadMemory at 0xdcc40f5000 of 6024 bytes failed: Only part of a ReadProcessMemory or WriteProcessMemory request was completed. (0x12B)
[0807/173615.196:ERROR:process_memory_win.cc(73)] ReadMemory at 0xdcc40f7000 of 6024 bytes failed: Only part of a ReadProcessMemory or WriteProcessMemory request was completed. (0x12B)
[0807/173615.196:ERROR:process_memory_win.cc(73)] ReadMemory at 0xdcc40f9000 of 6024 bytes failed: Only part of a ReadProcessMemory or WriteProcessMemory request was completed. (0x12B)
[0807/173615.196:ERROR:process_memory_win.cc(73)] ReadMemory at 0xdcc40fb000 of 6024 bytes failed: Only part of a ReadProcessMemory or WriteProcessMemory request was completed. (0x12B)
[0807/173615.197:ERROR:process_memory_win.cc(73)] ReadMemory at 0xdcc40fd000 of 6024 bytes failed: Only part of a ReadProcessMemory or WriteProcessMemory request was completed. (0x12B)
[0807/173615.197:ERROR:process_memory_win.cc(73)] ReadMemory at 0xdcc40ff000 of 6024 bytes failed: Only part of a ReadProcessMemory or WriteProcessMemory request was completed. (0x12B)
[0807/173615.197:ERROR:process_memory_win.cc(73)] ReadMemory at 0xdcc4101000 of 6024 bytes failed: Only part of a ReadProcessMemory or WriteProcessMemory request was completed. (0x12B)
[0807/173615.198:ERROR:process_memory_win.cc(73)] ReadMemory at 0x28e9d480000 of 384 bytes failed: Only part of a ReadProcessMemory or WriteProcessMemory request was completed. (0x12B)
[0807/173615.198:ERROR:process_memory_win.cc(73)] ReadMemory at 0x28e9d480fe0 of 20604 bytes failed: Only part of a ReadProcessMemory or WriteProcessMemory request was completed. (0x12B)
[0807/173615.198:ERROR:process_memory_win.cc(73)] ReadMemory at 0x28e9d486070 of 1012 bytes failed: Only part of a ReadProcessMemory or WriteProcessMemory request was completed. (0x12B)
[0807/173615.198:ERROR:process_memory_win.cc(73)] ReadMemory at 0x28e9d4866b8 of 118 bytes failed: Only part of a ReadProcessMemory or WriteProcessMemory request was completed. (0x12B)
[0807/173615.199:ERROR:process_memory_win.cc(73)] ReadMemory at 0x28e9d486730 of 762 bytes failed: Only part of a ReadProcessMemory or WriteProcessMemory request was completed. (0x12B)
[0807/173615.199:ERROR:process_memory_win.cc(73)] ReadMemory at 0x28e9d486a2c of 118 bytes failed: Only part of a ReadProcessMemory or WriteProcessMemory request was completed. (0x12B)
[0807/173615.199:ERROR:process_memory_win.cc(73)] ReadMemory at 0x28e9d486aa4 of 98 bytes failed: Only part of a ReadProcessMemory or WriteProcessMemory request was completed. (0x12B)
[0807/173615.199:ERROR:process_memory_win.cc(73)] ReadMemory at 0x28e9d486b20 of 58 bytes failed: Only part of a ReadProcessMemory or WriteProcessMemory request was completed. (0x12B)
[0807/173615.200:ERROR:process_memory_win.cc(73)] ReadMemory at 0x28e9d486c20 of 132 bytes failed: Only part of a ReadProcessMemory or WriteProcessMemory request was completed. (0x12B)
[0807/173615.200:ERROR:process_memory_win.cc(73)] ReadMemory at 0x28e9d486db0 of 132 bytes failed: Only part of a ReadProcessMemory or WriteProcessMemory request was completed. (0x12B)
[0807/173615.200:ERROR:process_memory_win.cc(73)] ReadMemory at 0x28e9d486f70 of 126 bytes failed: Only part of a ReadProcessMemory or WriteProcessMemory request was completed. (0x12B)
[0807/173615.200:ERROR:process_memory_win.cc(73)] ReadMemory at 0x28e9d487350 of 132 bytes failed: Only part of a ReadProcessMemory or WriteProcessMemory request was completed. (0x12B)
[0807/173615.200:ERROR:process_memory_win.cc(73)] ReadMemory at 0x28e9d4874e0 of 64 bytes failed: Only part of a ReadProcessMemory or WriteProcessMemory request was completed. (0x12B)
[0807/173615.200:ERROR:process_memory_win.cc(73)] ReadMemory at 0x28e9d4876a0 of 132 bytes failed: Only part of a ReadProcessMemory or WriteProcessMemory request was completed. (0x12B)
[0807/173615.200:ERROR:process_memory_win.cc(73)] ReadMemory at 0x28e9d487940 of 132 bytes failed: Only part of a ReadProcessMemory or WriteProcessMemory request was completed. (0x12B)
[0807/173615.200:ERROR:process_memory_win.cc(73)] ReadMemory at 0x28e9d487ad0 of 68 bytes failed: Only part of a ReadProcessMemory or WriteProcessMemory request was completed. (0x12B)
[0807/173615.200:ERROR:process_memory_win.cc(73)] ReadMemory at 0x28e9d488ba0 of 132 bytes failed: Only part of a ReadProcessMemory or WriteProcessMemory request was completed. (0x12B)
[0807/173615.200:ERROR:process_memory_win.cc(73)] ReadMemory at 0x28e9d488d30 of 154 bytes failed: Only part of a ReadProcessMemory or WriteProcessMemory request was completed. (0x12B)
[0807/173615.200:ERROR:process_memory_win.cc(73)] ReadMemory at 0x28e9d489a70 of 62 bytes failed: Only part of a ReadProcessMemory or WriteProcessMemory request was completed. (0x12B)
[0807/173615.200:ERROR:process_memory_win.cc(73)] ReadMemory at 0x28e9d489ba0 of 132 bytes failed: Only part of a ReadProcessMemory or WriteProcessMemory request was completed. (0x12B)
[0807/173615.201:ERROR:process_memory_win.cc(73)] ReadMemory at 0x28e9d489d30 of 60 bytes failed: Only part of a ReadProcessMemory or WriteProcessMemory request was completed. (0x12B)
[0807/173615.201:ERROR:process_memory_win.cc(73)] ReadMemory at 0x28e9d497bac of 512 bytes failed: Only part of a ReadProcessMemory or WriteProcessMemory request was completed. (0x12B)
[0807/173615.202:ERROR:process_memory_win.cc(73)] ReadMemory at 0x28e9d498980 of 62 bytes failed: Only part of a ReadProcessMemory or WriteProcessMemory request was completed. (0x12B)
[0807/173615.202:ERROR:process_memory_win.cc(73)] ReadMemory at 0x28e9d49cd00 of 146 bytes failed: Only part of a ReadProcessMemory or WriteProcessMemory request was completed. (0x12B)
[0807/173615.202:ERROR:process_memory_win.cc(73)] ReadMemory at 0x28e9d49cdf0 of 132 bytes failed: Only part of a ReadProcessMemory or WriteProcessMemory request was completed. (0x12B)
[0807/173615.202:ERROR:process_memory_win.cc(73)] ReadMemory at 0x28e9d49d170 of 132 bytes failed: Only part of a ReadProcessMemory or WriteProcessMemory request was completed. (0x12B)
[0807/173615.202:ERROR:process_memory_win.cc(73)] ReadMemory at 0x28e9d49d740 of 132 bytes failed: Only part of a ReadProcessMemory or WriteProcessMemory request was completed. (0x12B)
[0807/173615.202:ERROR:process_memory_win.cc(73)] ReadMemory at 0x28e9d49db70 of 132 bytes failed: Only part of a ReadProcessMemory or WriteProcessMemory request was completed. (0x12B)
[0807/173615.202:ERROR:process_memory_win.cc(73)] ReadMemory at 0x28e9d4a0d00 of 76 bytes failed: Only part of a ReadProcessMemory or WriteProcessMemory request was completed. (0x12B)
[0807/173615.202:ERROR:process_memory_win.cc(73)] ReadMemory at 0x28e9d4a1300 of 80 bytes failed: Only part of a ReadProcessMemory or WriteProcessMemory request was completed. (0x12B)
[0807/173615.202:ERROR:process_memory_win.cc(73)] ReadMemory at 0x28e9d4a5c60 of 80 bytes failed: Only part of a ReadProcessMemory or WriteProcessMemory request was completed. (0x12B)
[0807/173615.203:ERROR:process_memory_win.cc(73)] ReadMemory at 0x28e9d4a7020 of 132 bytes failed: Only part of a ReadProcessMemory or WriteProcessMemory request was completed. (0x12B)
[0807/173615.203:ERROR:process_memory_win.cc(73)] ReadMemory at 0x28e9d4a7150 of 132 bytes failed: Only part of a ReadProcessMemory or WriteProcessMemory request was completed. (0x12B)
[0807/173615.203:ERROR:process_memory_win.cc(73)] ReadMemory at 0x28e9d4a7280 of 132 bytes failed: Only part of a ReadProcessMemory or WriteProcessMemory request was completed. (0x12B)
[0807/173615.203:ERROR:process_memory_win.cc(73)] ReadMemory at 0x28e9d4a73b0 of 132 bytes failed: Only part of a ReadProcessMemory or WriteProcessMemory request was completed. (0x12B)
[0807/173615.203:ERROR:process_memory_win.cc(73)] ReadMemory at 0x28e9d4a74e0 of 132 bytes failed: Only part of a ReadProcessMemory or WriteProcessMemory request was completed. (0x12B)
[0807/173615.203:ERROR:process_memory_win.cc(73)] ReadMemory at 0x28e9d4a7610 of 132 bytes failed: Only part of a ReadProcessMemory or WriteProcessMemory request was completed. (0x12B)
[0807/173615.203:ERROR:process_memory_win.cc(73)] ReadMemory at 0x28e9d4a7740 of 132 bytes failed: Only part of a ReadProcessMemory or WriteProcessMemory request was completed. (0x12B)
[0807/173615.204:ERROR:process_memory_win.cc(73)] ReadMemory at 0x28e9d4a7870 of 132 bytes failed: Only part of a ReadProcessMemory or WriteProcessMemory request was completed. (0x12B)
[0807/173615.204:ERROR:process_memory_win.cc(73)] ReadMemory at 0x28e9d4a79a0 of 132 bytes failed: Only part of a ReadProcessMemory or WriteProcessMemory request was completed. (0x12B)
[0807/173615.204:ERROR:process_memory_win.cc(73)] ReadMemory at 0x28e9d4a7ad0 of 132 bytes failed: Only part of a ReadProcessMemory or WriteProcessMemory request was completed. (0x12B)
[0807/173615.204:ERROR:process_memory_win.cc(73)] ReadMemory at 0x28e9d4a7d30 of 132 bytes failed: Only part of a ReadProcessMemory or WriteProcessMemory request was completed. (0x12B)
[0807/173615.204:ERROR:process_memory_win.cc(73)] ReadMemory at 0x28e9d4a7e60 of 132 bytes failed: Only part of a ReadProcessMemory or WriteProcessMemory request was completed. (0x12B)
[0807/173615.204:ERROR:process_memory_win.cc(73)] ReadMemory at 0x28e9d4ab3c0 of 54 bytes failed: Only part of a ReadProcessMemory or WriteProcessMemory request was completed. (0x12B)
[0807/173615.205:ERROR:process_memory_win.cc(73)] ReadMemory at 0x28e9d4ac730 of 132 bytes failed: Only part of a ReadProcessMemory or WriteProcessMemory request was completed. (0x12B)
[0807/173615.205:ERROR:process_memory_win.cc(73)] ReadMemory at 0x28e9d4acfe0 of 64 bytes failed: Only part of a ReadProcessMemory or WriteProcessMemory request was completed. (0x12B)
[0807/173615.205:ERROR:process_memory_win.cc(73)] ReadMemory at 0x28e9d4ad030 of 62 bytes failed: Only part of a ReadProcessMemory or WriteProcessMemory request was completed. (0x12B)
[0807/173615.205:ERROR:process_memory_win.cc(73)] ReadMemory at 0x28e9d4ad120 of 62 bytes failed: Only part of a ReadProcessMemory or WriteProcessMemory request was completed. (0x12B)
[0807/173615.205:ERROR:process_memory_win.cc(73)] ReadMemory at 0x28e9d4ad170 of 64 bytes failed: Only part of a ReadProcessMemory or WriteProcessMemory request was completed. (0x12B)
[0807/173615.206:ERROR:process_memory_win.cc(73)] ReadMemory at 0x28e9d4ad1c0 of 64 bytes failed: Only part of a ReadProcessMemory or WriteProcessMemory request was completed. (0x12B)
[0807/173615.206:ERROR:process_memory_win.cc(73)] ReadMemory at 0x28e9d4ad210 of 64 bytes failed: Only part of a ReadProcessMemory or WriteProcessMemory request was completed. (0x12B)
[0807/173615.206:ERROR:process_memory_win.cc(73)] ReadMemory at 0x28e9d4ad300 of 58 bytes failed: Only part of a ReadProcessMemory or WriteProcessMemory request was completed. (0x12B)
[0807/173615.206:ERROR:process_memory_win.cc(73)] ReadMemory at 0x28e9d4ad350 of 64 bytes failed: Only part of a ReadProcessMemory or WriteProcessMemory request was completed. (0x12B)
[0807/173615.206:ERROR:process_memory_win.cc(73)] ReadMemory at 0x28e9d4ad3a0 of 60 bytes failed: Only part of a ReadProcessMemory or WriteProcessMemory request was completed. (0x12B)
[0807/173615.207:ERROR:process_memory_win.cc(73)] ReadMemory at 0x28e9d4ad440 of 60 bytes failed: Only part of a ReadProcessMemory or WriteProcessMemory request was completed. (0x12B)
[0807/173615.207:ERROR:process_memory_win.cc(73)] ReadMemory at 0x28e9d4ad5d0 of 62 bytes failed: Only part of a ReadProcessMemory or WriteProcessMemory request was completed. (0x12B)
[0807/173615.207:ERROR:process_memory_win.cc(73)] ReadMemory at 0x28e9d4ad670 of 64 bytes failed: Only part of a ReadProcessMemory or WriteProcessMemory request was completed. (0x12B)
[0807/173615.207:ERROR:process_memory_win.cc(73)] ReadMemory at 0x28e9d4ad6c0 of 62 bytes failed: Only part of a ReadProcessMemory or WriteProcessMemory request was completed. (0x12B)
[0807/173615.207:ERROR:process_memory_win.cc(73)] ReadMemory at 0x28e9d4ad710 of 64 bytes failed: Only part of a ReadProcessMemory or WriteProcessMemory request was completed. (0x12B)
[0807/173615.207:ERROR:process_memory_win.cc(73)] ReadMemory at 0x28e9d4ad850 of 60 bytes failed: Only part of a ReadProcessMemory or WriteProcessMemory request was completed. (0x12B)
[0807/173615.207:ERROR:process_memory_win.cc(73)] ReadMemory at 0x28e9d4ad8f0 of 62 bytes failed: Only part of a ReadProcessMemory or WriteProcessMemory request was completed. (0x12B)
[0807/173615.207:ERROR:process_memory_win.cc(73)] ReadMemory at 0x28e9d4ad940 of 60 bytes failed: Only part of a ReadProcessMemory or WriteProcessMemory request was completed. (0x12B)
[0807/173615.207:ERROR:process_memory_win.cc(73)] ReadMemory at 0x28e9d4ad9e0 of 60 bytes failed: Only part of a ReadProcessMemory or WriteProcessMemory request was completed. (0x12B)
[0807/173615.208:ERROR:process_memory_win.cc(73)] ReadMemory at 0x28e9d4ada30 of 66 bytes failed: Only part of a ReadProcessMemory or WriteProcessMemory request was completed. (0x12B)
[0807/173615.208:ERROR:process_memory_win.cc(73)] ReadMemory at 0x28e9d4ada80 of 62 bytes failed: Only part of a ReadProcessMemory or WriteProcessMemory request was completed. (0x12B)
[0807/173615.208:ERROR:process_memory_win.cc(73)] ReadMemory at 0x28e9d4adad0 of 60 bytes failed: Only part of a ReadProcessMemory or WriteProcessMemory request was completed. (0x12B)
[0807/173615.208:ERROR:process_memory_win.cc(73)] ReadMemory at 0x28e9d4adb20 of 64 bytes failed: Only part of a ReadProcessMemory or WriteProcessMemory request was completed. (0x12B)
[0807/173615.208:ERROR:process_memory_win.cc(73)] ReadMemory at 0x28e9d4adb70 of 62 bytes failed: Only part of a ReadProcessMemory or WriteProcessMemory request was completed. (0x12B)
[0807/173615.208:ERROR:process_memory_win.cc(73)] ReadMemory at 0x28e9d4adc10 of 66 bytes failed: Only part of a ReadProcessMemory or WriteProcessMemory request was completed. (0x12B)
[0807/173615.209:ERROR:process_memory_win.cc(73)] ReadMemory at 0x28e9d4adda0 of 62 bytes failed: Only part of a ReadProcessMemory or WriteProcessMemory request was completed. (0x12B)
[0807/173615.210:ERROR:process_memory_win.cc(73)] ReadMemory at 0x28e9d4addf0 of 62 bytes failed: Only part of a ReadProcessMemory or WriteProcessMemory request was completed. (0x12B)
[0807/173615.210:ERROR:process_memory_win.cc(73)] ReadMemory at 0x28e9d4af960 of 132 bytes failed: Only part of a ReadProcessMemory or WriteProcessMemory request was completed. (0x12B)
[0807/173615.210:ERROR:process_memory_win.cc(73)] ReadMemory at 0x28e9d4afc80 of 132 bytes failed: Only part of a ReadProcessMemory or WriteProcessMemory request was completed. (0x12B)
[0807/173615.210:ERROR:process_memory_win.cc(73)] ReadMemory at 0x28e9d4afea0 of 132 bytes failed: Only part of a ReadProcessMemory or WriteProcessMemory request was completed. (0x12B)
[0807/173615.210:ERROR:process_memory_win.cc(73)] ReadMemory at 0x28e9d4b0200 of 132 bytes failed: Only part of a ReadProcessMemory or WriteProcessMemory request was completed. (0x12B)
[0807/173615.210:ERROR:process_memory_win.cc(73)] ReadMemory at 0x28e9d4b0410 of 132 bytes failed: Only part of a ReadProcessMemory or WriteProcessMemory request was completed. (0x12B)
[0807/173615.218:ERROR:process_memory_win.cc(73)] ReadMemory at 0x28e9d4b09a0 of 132 bytes failed: Only part of a ReadProcessMemory or WriteProcessMemory request was completed. (0x12B)
[0807/173615.221:ERROR:process_memory_win.cc(73)] ReadMemory at 0x28e9d4b0d30 of 132 bytes failed: Only part of a ReadProcessMemory or WriteProcessMemory request was completed. (0x12B)
[0807/173615.226:ERROR:process_memory_win.cc(73)] ReadMemory at 0x28e9d4b0f90 of 132 bytes failed: Only part of a ReadProcessMemory or WriteProcessMemory request was completed. (0x12B)
[0807/173615.226:ERROR:process_memory_win.cc(73)] ReadMemory at 0x28e9d4b1450 of 132 bytes failed: Only part of a ReadProcessMemory or WriteProcessMemory request was completed. (0x12B)
[0807/173615.227:ERROR:process_memory_win.cc(73)] ReadMemory at 0x28e9d4b1580 of 132 bytes failed: Only part of a ReadProcessMemory or WriteProcessMemory request was completed. (0x12B)
[0807/173615.227:ERROR:process_memory_win.cc(73)] ReadMemory at 0x28e9d4b1910 of 132 bytes failed: Only part of a ReadProcessMemory or WriteProcessMemory request was completed. (0x12B)
[0807/173615.227:ERROR:process_memory_win.cc(73)] ReadMemory at 0x28e9d4b1a40 of 132 bytes failed: Only part of a ReadProcessMemory or WriteProcessMemory request was completed. (0x12B)
[0807/173615.236:ERROR:process_memory_win.cc(73)] ReadMemory at 0x28e9d4b2030 of 132 bytes failed: Only part of a ReadProcessMemory or WriteProcessMemory request was completed. (0x12B)
[0807/173615.236:ERROR:process_memory_win.cc(73)] ReadMemory at 0x28e9d4b2160 of 132 bytes failed: Only part of a ReadProcessMemory or WriteProcessMemory request was completed. (0x12B)
[0807/173615.236:ERROR:process_memory_win.cc(73)] ReadMemory at 0x28e9d4b24f0 of 132 bytes failed: Only part of a ReadProcessMemory or WriteProcessMemory request was completed. (0x12B)
[0807/173615.237:ERROR:process_memory_win.cc(73)] ReadMemory at 0x28e9d4c3190 of 512 bytes failed: Only part of a ReadProcessMemory or WriteProcessMemory request was completed. (0x12B)
[0807/173615.237:ERROR:process_memory_win.cc(73)] ReadMemory at 0x28e9d513800 of 512 bytes failed: Only part of a ReadProcessMemory or WriteProcessMemory request was completed. (0x12B)
[0807/173615.237:ERROR:process_memory_win.cc(73)] ReadMemory at 0x28e9d529e90 of 512 bytes failed: Only part of a ReadProcessMemory or WriteProcessMemory request was completed. (0x12B)
[0807/173615.237:ERROR:process_memory_win.cc(73)] ReadMemory at 0x28e9d52de70 of 512 bytes failed: Only part of a ReadProcessMemory or WriteProcessMemory request was completed. (0x12B)
[0807/173615.237:ERROR:process_memory_win.cc(73)] ReadMemory at 0x28e9d52f8b0 of 712 bytes failed: Only part of a ReadProcessMemory or WriteProcessMemory request was completed. (0x12B)
[0807/173615.238:ERROR:process_memory_win.cc(73)] ReadMemory at 0x28e9d5334e0 of 512 bytes failed: Only part of a ReadProcessMemory or WriteProcessMemory request was completed. (0x12B)
[0807/173615.238:ERROR:process_memory_win.cc(73)] ReadMemory at 0x28e9d546aa0 of 512 bytes failed: Only part of a ReadProcessMemory or WriteProcessMemory request was completed. (0x12B)
[0807/173615.238:ERROR:process_memory_win.cc(73)] ReadMemory at 0x28e9d549ff0 of 512 bytes failed: Only part of a ReadProcessMemory or WriteProcessMemory request was completed. (0x12B)
[0807/173615.238:ERROR:process_memory_win.cc(73)] ReadMemory at 0x28e9d5650e8 of 512 bytes failed: Only part of a ReadProcessMemory or WriteProcessMemory request was completed. (0x12B)
[0807/173615.238:ERROR:process_memory_win.cc(73)] ReadMemory at 0x28e9d5e1c00 of 512 bytes failed: Only part of a ReadProcessMemory or WriteProcessMemory request was completed. (0x12B)
[0807/173615.238:ERROR:process_memory_win.cc(73)] ReadMemory at 0x28e9ed70000 of 384 bytes failed: Only part of a ReadProcessMemory or WriteProcessMemory request was completed. (0x12B)
[0807/173615.238:ERROR:process_memory_win.cc(73)] ReadMemory at 0x28e9ed74c80 of 512 bytes failed: Only part of a ReadProcessMemory or WriteProcessMemory request was completed. (0x12B)
[0807/173615.238:ERROR:process_memory_win.cc(73)] ReadMemory at 0x28e9ed85e30 of 512 bytes failed: Only part of a ReadProcessMemory or WriteProcessMemory request was completed. (0x12B)
[0807/173615.238:ERROR:process_memory_win.cc(73)] ReadMemory at 0x28e9edb5410 of 512 bytes failed: Only part of a ReadProcessMemory or WriteProcessMemory request was completed. (0x12B)
[0807/173615.239:ERROR:process_memory_win.cc(73)] ReadMemory at 0x28e9efed6c0 of 512 bytes failed: Only part of a ReadProcessMemory or WriteProcessMemory request was completed. (0x12B)
[0807/173615.239:ERROR:process_memory_win.cc(73)] ReadMemory at 0x7ff800b3c074 of 672 bytes failed: Only part of a ReadProcessMemory or WriteProcessMemory request was completed. (0x12B)
[0807/173615.239:ERROR:process_memory_win.cc(73)] ReadMemory at 0x7ff800b3c674 of 512 bytes failed: Only part of a ReadProcessMemory or WriteProcessMemory request was completed. (0x12B)
[0807/173615.239:ERROR:process_memory_win.cc(73)] ReadMemory at 0x7ff800b3f924 of 608 bytes failed: Only part of a ReadProcessMemory or WriteProcessMemory request was completed. (0x12B)
[0807/173615.239:ERROR:process_memory_win.cc(73)] ReadMemory at 0x7ff800bcc428 of 18 bytes failed: Only part of a ReadProcessMemory or WriteProcessMemory request was completed. (0x12B)
[0807/173615.240:ERROR:process_memory_win.cc(73)] ReadMemory at 0x7ff800bff4f8 of 40 bytes failed: Only part of a ReadProcessMemory or WriteProcessMemory request was completed. (0x12B)
[0807/173615.240:ERROR:process_memory_win.cc(73)] ReadMemory at 0x7ff800bff978 of 48 bytes failed: Only part of a ReadProcessMemory or WriteProcessMemory request was completed. (0x12B)
[0807/173615.240:ERROR:process_memory_win.cc(73)] ReadMemory at 0x7ff800c053c0 of 64 bytes failed: Only part of a ReadProcessMemory or WriteProcessMemory request was completed. (0x12B)
[0807/173615.240:ERROR:process_memory_win.cc(73)] ReadMemory at 0x7fff9f4637d2 of 553 bytes failed: Only part of a ReadProcessMemory or WriteProcessMemory request was completed. (0x12B)
[0807/173615.240:ERROR:process_memory_win.cc(73)] ReadMemory at 0x7fffa319a47b of 512 bytes failed: Only part of a ReadProcessMemory or WriteProcessMemory request was completed. (0x12B)
[0807/173615.240:ERROR:process_memory_win.cc(73)] ReadMemory at 0x7fffa40223c8 of 512 bytes failed: Only part of a ReadProcessMemory or WriteProcessMemory request was completed. (0x12B)
[0807/173615.240:ERROR:process_memory_win.cc(73)] ReadMemory at 0x7ffffe8fc720 of 512 bytes failed: Only part of a ReadProcessMemory or WriteProcessMemory request was completed. (0x12B)
[0807/173615.254:ERROR:scoped_process_suspend.cc(40)] NtResumeProcess: An attempt was made to access an exiting process. (0xc000010a)
